<?xml version="1.0" encoding="UTF-8"?>
<!-- Generated by org.testng.reporters.JUnitXMLReporter -->
<testsuite hostname="DESKTOP-SN7B2MS" ignored="0" name="Test" tests="4" failures="0" timestamp="2020-06-03T14:12:55 IST" time="57.483" errors="0">
  <testcase name="basepagenaviation" time="0.4" classname="Framework.ValidateTitle"/>
  <testcase name="baseinitilaization" time="0.339" classname="Framework.ValidateNavigationbar"/>
  <testcase name="basepagenavigation" time="23.12" classname="Framework.Homepage"/>
  <testcase name="basepagenavigation" time="9.702" classname="Framework.Homepage"/>
</testsuite> <!-- Test -->
