<?xml version="1.0" encoding="UTF-8"?>
<!-- Generated by org.testng.reporters.JUnitXMLReporter -->
<testsuite ignored="0" hostname="DESKTOP-SN7B2MS" failures="0" tests="4" name="Test" time="45.096" errors="0" timestamp="2020-06-03T13:38:52 IST">
  <testcase classname="Framework.ValidateTitle" name="basepagenaviation" time="0.04"/>
  <testcase classname="Framework.ValidateNavigationbar" name="baseinitilaization" time="0.283"/>
  <testcase classname="Framework.Homepage" name="basepagenavigation" time="11.342"/>
  <testcase classname="Framework.Homepage" name="basepagenavigation" time="6.881"/>
</testsuite> <!-- Test -->
