<?xml version="1.0" encoding="UTF-8"?>
<testng-results ignored="0" total="4" passed="4" failed="0" skipped="0">
  <reporter-output>
  </reporter-output>
  <suite started-at="2020-06-05T06:52:09 IST" name="Suite" finished-at="2020-06-05T06:52:54 IST" duration-ms="44488">
    <groups>
    </groups>
    <test started-at="2020-06-05T06:52:09 IST" name="Validatetitle" finished-at="2020-06-05T06:52:19 IST" duration-ms="10267">
      <class name="Framework.ValidateTitle">
        <test-method is-config="true" signature="beforetest()[pri:0, instance:Framework.ValidateTitle@37fb0bed]" started-at="2020-06-05T06:52:09 IST" name="beforetest" finished-at="2020-06-05T06:52:19 IST" duration-ms="10070" status="PASS">
          <reporter-output>
          </reporter-output>
        </test-method> <!-- beforetest -->
        <test-method signature="basepagenaviation()[pri:0, instance:Framework.ValidateTitle@37fb0bed]" started-at="2020-06-05T06:52:19 IST" name="basepagenaviation" finished-at="2020-06-05T06:52:19 IST" duration-ms="90" status="PASS">
          <reporter-output>
          </reporter-output>
        </test-method> <!-- basepagenaviation -->
        <test-method is-config="true" signature="teardown()[pri:0, instance:Framework.ValidateTitle@37fb0bed]" started-at="2020-06-05T06:52:19 IST" name="teardown" finished-at="2020-06-05T06:52:19 IST" duration-ms="79" status="PASS">
          <reporter-output>
          </reporter-output>
        </test-method> <!-- teardown -->
      </class> <!-- Framework.ValidateTitle -->
    </test> <!-- Validatetitle -->
    <test started-at="2020-06-05T06:52:20 IST" name="Validatenavigationbar" finished-at="2020-06-05T06:52:27 IST" duration-ms="7211">
      <class name="Framework.ValidateNavigationbar">
        <test-method is-config="true" signature="initilaize()[pri:0, instance:Framework.ValidateNavigationbar@6e01f9b0]" started-at="2020-06-05T06:52:20 IST" name="initilaize" finished-at="2020-06-05T06:52:27 IST" duration-ms="7093" status="PASS">
          <reporter-output>
          </reporter-output>
        </test-method> <!-- initilaize -->
        <test-method signature="baseinitilaization()[pri:0, instance:Framework.ValidateNavigationbar@6e01f9b0]" started-at="2020-06-05T06:52:27 IST" name="baseinitilaization" finished-at="2020-06-05T06:52:27 IST" duration-ms="60" status="PASS">
          <reporter-output>
          </reporter-output>
        </test-method> <!-- baseinitilaization -->
        <test-method is-config="true" signature="teardown()[pri:0, instance:Framework.ValidateNavigationbar@6e01f9b0]" started-at="2020-06-05T06:52:27 IST" name="teardown" finished-at="2020-06-05T06:52:27 IST" duration-ms="58" status="PASS">
          <reporter-output>
          </reporter-output>
        </test-method> <!-- teardown -->
      </class> <!-- Framework.ValidateNavigationbar -->
    </test> <!-- Validatenavigationbar -->
    <test started-at="2020-06-05T06:52:27 IST" name="Validatehomepage" finished-at="2020-06-05T06:52:54 IST" duration-ms="26932">
      <class name="Framework.Homepage">
        <test-method is-config="true" signature="initilaize()[pri:0, instance:Framework.Homepage@58594a11]" started-at="2020-06-05T06:52:27 IST" name="initilaize" finished-at="2020-06-05T06:52:30 IST" duration-ms="3285" status="PASS">
          <reporter-output>
          </reporter-output>
        </test-method> <!-- initilaize -->
        <test-method signature="basepagenavigation(java.lang.String, java.lang.String)[pri:0, instance:Framework.Homepage@58594a11]" started-at="2020-06-05T06:52:30 IST" name="basepagenavigation" data-provider="getdata" finished-at="2020-06-05T06:52:41 IST" duration-ms="10851" status="PASS">
          <params>
            <param index="0">
              <value>
                <![CDATA[dfdjfhdjfhd]]>
              </value>
            </param>
            <param index="1">
              <value>
                <![CDATA[123456]]>
              </value>
            </param>
          </params>
          <reporter-output>
          </reporter-output>
        </test-method> <!-- basepagenavigation -->
        <test-method signature="basepagenavigation(java.lang.String, java.lang.String)[pri:0, instance:Framework.Homepage@58594a11]" started-at="2020-06-05T06:52:41 IST" name="basepagenavigation" data-provider="getdata" finished-at="2020-06-05T06:52:49 IST" duration-ms="8470" status="PASS">
          <params>
            <param index="0">
              <value>
                <![CDATA[hello]]>
              </value>
            </param>
            <param index="1">
              <value>
                <![CDATA[789012]]>
              </value>
            </param>
          </params>
          <reporter-output>
          </reporter-output>
        </test-method> <!-- basepagenavigation -->
        <test-method is-config="true" signature="teardown()[pri:0, instance:Framework.Homepage@58594a11]" started-at="2020-06-05T06:52:49 IST" name="teardown" finished-at="2020-06-05T06:52:54 IST" duration-ms="4320" status="PASS">
          <reporter-output>
          </reporter-output>
        </test-method> <!-- teardown -->
      </class> <!-- Framework.Homepage -->
    </test> <!-- Validatehomepage -->
  </suite> <!-- Suite -->
</testng-results>
